<?xml version="1.0" encoding="UTF-8"?>
<!-- Generated by org.testng.reporters.JUnitXMLReporter -->
<testsuite hostname="Akshay-laptop" name="Command line test bf7cbc44-ebbe-4ddd-b792-0e928fa5df77" tests="8" failures="0" timestamp="22 Aug 2022 15:46:27 GMT" time="438.568" errors="0">
  <testcase name="webelementLocating" time="42.043" classname="org.testing.TestScripts.TC1"/>
  <testcase name="webelementLocating" time="35.181" classname="org.testing.TestScripts.TC2"/>
  <testcase name="webelementLocating" time="33.556" classname="org.testing.TestScripts.TC3"/>
  <testcase name="webelementLocating" time="39.765" classname="org.testing.TestScripts.TC4"/>
  <testcase name="WebElementLocating" time="44.219" classname="org.testing.TestScripts.TC5"/>
  <testcase name="WebElementLocating" time="54.996" classname="org.testing.TestScripts.TC6"/>
  <testcase name="WebElementLocating" time="53.441" classname="org.testing.TestScripts.TC7"/>
  <testcase name="WebElementLocating" time="38.44" classname="org.testing.TestScripts.TC8"/>
</testsuite> <!-- Command line test bf7cbc44-ebbe-4ddd-b792-0e928fa5df77 -->
