<?xml version="1.0" encoding="UTF-8"?>
<!-- Generated by org.testng.reporters.JUnitXMLReporter -->
<testsuite hostname="Akshay-laptop" name="Command line test a725e6ab-5dd9-4113-b847-c666b9669b39" tests="2" failures="0" timestamp="22 Aug 2022 15:27:38 GMT" time="96.111" errors="0">
  <testcase name="webelementLocating" time="33.913" classname="org.testing.TestScripts.TC2"/>
  <testcase name="WebElementLocating" time="37.747" classname="org.testing.TestScripts.TC8"/>
</testsuite> <!-- Command line test a725e6ab-5dd9-4113-b847-c666b9669b39 -->
