<?xml version="1.0" encoding="UTF-8"?>
<!-- Generated by org.testng.reporters.JUnitXMLReporter -->
<testsuite hostname="Akshay-laptop" name="Command line test 2c281fc6-f7f6-4b3f-b6a5-3c57bfe66e95" tests="8" failures="0" timestamp="19 Sep 2022 06:50:41 GMT" time="0.255" errors="0">
  <testcase name="@BeforeMethod BrowserLaunch" time="0.0" classname="org.testing.TestScripts.TC1">
    <failure type="java.lang.IllegalArgumentException" message="String input must not be null">
      <![CDATA[java.lang.IllegalArgumentException: String input must not be null
	at org.jsoup.helper.Validate.notNull(Validate.java:26)
	at org.jsoup.parser.TreeBuilder.initialiseParse(TreeBuilder.java:26)
	at org.jsoup.parser.TreeBuilder.parse(TreeBuilder.java:42)
	at org.jsoup.parser.HtmlTreeBuilder.parse(HtmlTreeBuilder.java:53)
	at org.jsoup.parser.Parser.parse(Parser.java:89)
	at org.jsoup.Jsoup.parse(Jsoup.java:58)
	at com.relevantcodes.extentreports.converters.TestConverter.<init>(TestConverter.java:144)
	at com.relevantcodes.extentreports.ExtentReports.<init>(ExtentReports.java:92)
	at com.relevantcodes.extentreports.ExtentReports.<init>(ExtentReports.java:375)
	at org.testing.Base.BaseClass.BrowserLaunch(BaseClass.java:25)
	at org.testing.trigger.Runner.main(Runner.java:69)
... Removed 23 stack frames]]>
    </failure>
  </testcase> <!-- @BeforeMethod BrowserLaunch -->
  <testcase name="@AfterMethod BrowerClose" time="0.0" classname="org.testing.TestScripts.TC1">
    <skipped/>
  </testcase> <!-- @AfterMethod BrowerClose -->
  <testcase name="@BeforeMethod BrowserLaunch" time="0.0" classname="org.testing.TestScripts.TC2">
    <skipped/>
  </testcase> <!-- @BeforeMethod BrowserLaunch -->
  <testcase name="@AfterMethod BrowerClose" time="0.0" classname="org.testing.TestScripts.TC2">
    <skipped/>
  </testcase> <!-- @AfterMethod BrowerClose -->
  <testcase name="@BeforeMethod BrowserLaunch" time="0.0" classname="org.testing.TestScripts.TC3">
    <skipped/>
  </testcase> <!-- @BeforeMethod BrowserLaunch -->
  <testcase name="@AfterMethod BrowerClose" time="0.0" classname="org.testing.TestScripts.TC3">
    <skipped/>
  </testcase> <!-- @AfterMethod BrowerClose -->
  <testcase name="@BeforeMethod BrowserLaunch" time="0.0" classname="org.testing.TestScripts.TC4">
    <skipped/>
  </testcase> <!-- @BeforeMethod BrowserLaunch -->
  <testcase name="@AfterMethod BrowerClose" time="0.0" classname="org.testing.TestScripts.TC4">
    <skipped/>
  </testcase> <!-- @AfterMethod BrowerClose -->
  <testcase name="@BeforeMethod BrowserLaunch" time="0.0" classname="org.testing.TestScripts.TC5">
    <skipped/>
  </testcase> <!-- @BeforeMethod BrowserLaunch -->
  <testcase name="@AfterMethod BrowerClose" time="0.0" classname="org.testing.TestScripts.TC5">
    <skipped/>
  </testcase> <!-- @AfterMethod BrowerClose -->
  <testcase name="@BeforeMethod BrowserLaunch" time="0.0" classname="org.testing.TestScripts.TC6">
    <skipped/>
  </testcase> <!-- @BeforeMethod BrowserLaunch -->
  <testcase name="@AfterMethod BrowerClose" time="0.0" classname="org.testing.TestScripts.TC6">
    <skipped/>
  </testcase> <!-- @AfterMethod BrowerClose -->
  <testcase name="@BeforeMethod BrowserLaunch" time="0.0" classname="org.testing.TestScripts.TC7">
    <skipped/>
  </testcase> <!-- @BeforeMethod BrowserLaunch -->
  <testcase name="@AfterMethod BrowerClose" time="0.0" classname="org.testing.TestScripts.TC7">
    <skipped/>
  </testcase> <!-- @AfterMethod BrowerClose -->
  <testcase name="@BeforeMethod BrowserLaunch" time="0.0" classname="org.testing.TestScripts.TC8">
    <skipped/>
  </testcase> <!-- @BeforeMethod BrowserLaunch -->
  <testcase name="@AfterMethod BrowerClose" time="0.0" classname="org.testing.TestScripts.TC8">
    <skipped/>
  </testcase> <!-- @AfterMethod BrowerClose -->
  <testcase name="webelementLocating" time="0.0" classname="org.testing.TestScripts.TC1">
    <skipped/>
  </testcase> <!-- webelementLocating -->
  <testcase name="webelementLocating" time="0.0" classname="org.testing.TestScripts.TC2">
    <skipped/>
  </testcase> <!-- webelementLocating -->
  <testcase name="webelementLocating" time="0.0" classname="org.testing.TestScripts.TC3">
    <skipped/>
  </testcase> <!-- webelementLocating -->
  <testcase name="webelementLocating" time="0.0" classname="org.testing.TestScripts.TC4">
    <skipped/>
  </testcase> <!-- webelementLocating -->
  <testcase name="WebElementLocating" time="0.0" classname="org.testing.TestScripts.TC5">
    <skipped/>
  </testcase> <!-- WebElementLocating -->
  <testcase name="WebElementLocating" time="0.0" classname="org.testing.TestScripts.TC6">
    <skipped/>
  </testcase> <!-- WebElementLocating -->
  <testcase name="WebElementLocating" time="0.0" classname="org.testing.TestScripts.TC7">
    <skipped/>
  </testcase> <!-- WebElementLocating -->
  <testcase name="WebElementLocating" time="0.0" classname="org.testing.TestScripts.TC8">
    <skipped/>
  </testcase> <!-- WebElementLocating -->
</testsuite> <!-- Command line test 2c281fc6-f7f6-4b3f-b6a5-3c57bfe66e95 -->
